2025-08-23 19:45:14,546 - WARNING - Email configuration file not found
2025-08-23 19:45:15,338 - WARNING -  * Debugger is active!
2025-08-23 19:45:15,353 - INFO -  * Debugger PIN: 540-593-092
2025-08-23 19:45:30,472 - INFO -  * Detected change in "C:\\Work\\Swayam's Workfolder\\pythonFacial - Copy (2)\\secure_exam_tool\\app.py", reloading
2025-08-23 19:45:35,251 - WARNING - Email configuration file not found
2025-08-23 19:45:36,438 - WARNING -  * Debugger is active!
2025-08-23 19:45:36,455 - INFO -  * Debugger PIN: 540-593-092
2025-08-23 19:47:07,713 - INFO -  * Detected change in "C:\\Work\\Swayam's Workfolder\\pythonFacial - Copy (2)\\secure_exam_tool\\test_email_system.py", reloading
2025-08-23 19:47:11,654 - WARNING - Email configuration file not found
2025-08-23 19:47:12,493 - WARNING -  * Debugger is active!
2025-08-23 19:47:12,502 - INFO -  * Debugger PIN: 540-593-092
2025-08-23 19:48:25,524 - INFO -  * Detected change in "C:\\Work\\Swayam's Workfolder\\pythonFacial - Copy (2)\\secure_exam_tool\\app.py", reloading
2025-08-23 19:48:29,739 - WARNING - Email configuration file not found
2025-08-23 19:48:30,467 - WARNING -  * Debugger is active!
2025-08-23 19:48:30,470 - INFO -  * Debugger PIN: 540-593-092
2025-08-23 19:53:47,345 - WARNING - Email configuration file not found
2025-08-23 19:53:48,381 - INFO -  * Restarting with stat
2025-08-23 19:53:53,461 - WARNING - Email configuration file not found
2025-08-23 19:53:54,506 - WARNING -  * Debugger is active!
2025-08-23 19:53:54,527 - INFO -  * Debugger PIN: 540-593-092
2025-08-23 19:55:52,738 - WARNING - Suspicious eye direction detected: center for 7.7s
2025-08-23 19:56:08,363 - WARNING - Suspicious eye direction detected: slight_down for 11.2s
2025-08-23 19:56:25,696 - WARNING - Suspicious eye direction detected: slight_left_far_down for 5.4s
2025-08-24 08:04:48,507 - WARNING - Email configuration file not found
2025-08-24 08:04:49,810 - INFO -  * Restarting with stat
2025-08-24 08:04:51,884 - WARNING - Email configuration file not found
2025-08-24 08:04:52,301 - WARNING -  * Debugger is active!
2025-08-24 08:04:52,309 - INFO -  * Debugger PIN: 540-593-092
2025-08-24 08:34:03,166 - WARNING - Suspicious eye direction detected: up for 110.5s
2025-08-24 08:35:21,009 - INFO -  * Detected change in "C:\\Work\\Swayam's Workfolder\\pythonFacial - Copy (2)\\secure_exam_tool\\app.py", reloading
2025-08-24 08:35:21,304 - INFO -  * Restarting with stat
2025-08-24 08:38:45,114 - INFO -  * Restarting with stat
2025-08-24 08:38:56,125 - INFO -  * Restarting with stat
2025-08-24 08:39:07,406 - INFO -  * Restarting with stat
2025-08-24 08:39:35,230 - INFO -  * Restarting with stat
2025-08-24 08:42:38,649 - INFO -  * Restarting with stat
